{"/home/arashi/workspace/JestTest/src/add.ts": {"path":"/home/arashi/workspace/JestTest/src/add.ts","statementMap":{"0":{"start":{"line":1,"column":0},"end":{"line":1,"column":16}},"1":{"start":{"line":2,"column":4},"end":{"line":2,"column":17}}},"fnMap":{"0":{"name":"add","decl":{"start":{"line":1,"column":16},"end":{"line":1,"column":19}},"loc":{"start":{"line":1,"column":39},"end":{"line":3,"column":1}}}},"branchMap":{},"s":{"0":1,"1":1},"f":{"0":1},"b":{}}
,"/home/arashi/workspace/JestTest/src/character.ts": {"path":"/home/arashi/workspace/JestTest/src/character.ts","statementMap":{"0":{"start":{"line":3,"column":12},"end":{"line":3,"column":34}},"1":{"start":{"line":4,"column":12},"end":{"line":4,"column":34}},"2":{"start":{"line":7,"column":8},"end":{"line":7,"column":39}},"3":{"start":{"line":11,"column":7},"end":{"line":11,"column":26}},"4":{"start":{"line":12,"column":7},"end":{"line":12,"column":26}},"5":{"start":{"line":16,"column":8},"end":{"line":16,"column":28}},"6":{"start":{"line":21,"column":8},"end":{"line":21,"column":20}},"7":{"start":{"line":1,"column":0},"end":{"line":1,"column":13}}},"fnMap":{"0":{"name":"(anonymous_0)","decl":{"start":{"line":1,"column":0},"end":{"line":1,"column":13}},"loc":{"start":{"line":1,"column":0},"end":{"line":24,"column":1}}},"1":{"name":"(anonymous_1)","decl":{"start":{"line":6,"column":4},"end":{"line":6,"column":10}},"loc":{"start":{"line":6,"column":36},"end":{"line":8,"column":5}}},"2":{"name":"(anonymous_2)","decl":{"start":{"line":10,"column":12},"end":{"line":10,"column":25}},"loc":{"start":{"line":10,"column":25},"end":{"line":13,"column":5}}},"3":{"name":"(anonymous_3)","decl":{"start":{"line":15,"column":4},"end":{"line":15,"column":13}},"loc":{"start":{"line":15,"column":13},"end":{"line":17,"column":5}}},"4":{"name":"(anonymous_4)","decl":{"start":{"line":20,"column":4},"end":{"line":20,"column":12}},"loc":{"start":{"line":20,"column":12},"end":{"line":22,"column":5}}}},"branchMap":{},"s":{"0":3,"1":3,"2":1,"3":1,"4":1,"5":2,"6":1,"7":1},"f":{"0":3,"1":1,"2":1,"3":2,"4":1},"b":{}}
,"/home/arashi/workspace/JestTest/src/fizzBuzz.ts": {"path":"/home/arashi/workspace/JestTest/src/fizzBuzz.ts","statementMap":{"0":{"start":{"line":23,"column":4},"end":{"line":23,"column":20}},"1":{"start":{"line":35,"column":4},"end":{"line":35,"column":20}},"2":{"start":{"line":24,"column":8},"end":{"line":32,"column":9}},"3":{"start":{"line":25,"column":12},"end":{"line":25,"column":30}},"4":{"start":{"line":26,"column":15},"end":{"line":32,"column":9}},"5":{"start":{"line":27,"column":12},"end":{"line":27,"column":26}},"6":{"start":{"line":28,"column":15},"end":{"line":32,"column":9}},"7":{"start":{"line":29,"column":12},"end":{"line":29,"column":26}},"8":{"start":{"line":31,"column":12},"end":{"line":31,"column":44}},"9":{"start":{"line":36,"column":33},"end":{"line":36,"column":35}},"10":{"start":{"line":37,"column":8},"end":{"line":39,"column":9}},"11":{"start":{"line":37,"column":20},"end":{"line":37,"column":21}},"12":{"start":{"line":38,"column":12},"end":{"line":38,"column":37}},"13":{"start":{"line":40,"column":8},"end":{"line":40,"column":22}}},"fnMap":{"0":{"name":"fizzBuzz","decl":{"start":{"line":23,"column":20},"end":{"line":23,"column":28}},"loc":{"start":{"line":23,"column":50},"end":{"line":33,"column":5}}},"1":{"name":"getFizzBuzzNumberCounter","decl":{"start":{"line":35,"column":20},"end":{"line":35,"column":44}},"loc":{"start":{"line":35,"column":65},"end":{"line":41,"column":5}}}},"branchMap":{"0":{"loc":{"start":{"line":24,"column":8},"end":{"line":32,"column":9}},"type":"if","locations":[{"start":{"line":24,"column":8},"end":{"line":32,"column":9}},{"start":{"line":26,"column":15},"end":{"line":32,"column":9}}]},"1":{"loc":{"start":{"line":24,"column":12},"end":{"line":24,"column":62}},"type":"binary-expr","locations":[{"start":{"line":24,"column":12},"end":{"line":24,"column":35}},{"start":{"line":24,"column":39},"end":{"line":24,"column":62}}]},"2":{"loc":{"start":{"line":26,"column":15},"end":{"line":32,"column":9}},"type":"if","locations":[{"start":{"line":26,"column":15},"end":{"line":32,"column":9}},{"start":{"line":28,"column":15},"end":{"line":32,"column":9}}]},"3":{"loc":{"start":{"line":28,"column":15},"end":{"line":32,"column":9}},"type":"if","locations":[{"start":{"line":28,"column":15},"end":{"line":32,"column":9}},{"start":{"line":30,"column":15},"end":{"line":32,"column":9}}]}},"s":{"0":1,"1":1,"2":39,"3":3,"4":36,"5":10,"6":26,"7":6,"8":20,"9":2,"10":2,"11":2,"12":35,"13":2},"f":{"0":39,"1":2},"b":{"0":[3,36],"1":[39,13],"2":[10,26],"3":[6,20]}}
,"/home/arashi/workspace/JestTest/src/index.ts": {"path":"/home/arashi/workspace/JestTest/src/index.ts","statementMap":{"0":{"start":{"line":2,"column":12},"end":{"line":2,"column":37}},"1":{"start":{"line":5,"column":8},"end":{"line":5,"column":46}},"2":{"start":{"line":9,"column":8},"end":{"line":9,"column":28}},"3":{"start":{"line":13,"column":8},"end":{"line":13,"column":31}},"4":{"start":{"line":17,"column":43},"end":{"line":17,"column":83}},"5":{"start":{"line":18,"column":8},"end":{"line":18,"column":27}},"6":{"start":{"line":1,"column":0},"end":{"line":1,"column":13}},"7":{"start":{"line":24,"column":23},"end":{"line":24,"column":32}},"8":{"start":{"line":24,"column":41},"end":{"line":24,"column":50}},"9":{"start":{"line":23,"column":0},"end":{"line":23,"column":13}},"10":{"start":{"line":29,"column":8},"end":{"line":29,"column":30}},"11":{"start":{"line":33,"column":8},"end":{"line":33,"column":31}},"12":{"start":{"line":27,"column":0},"end":{"line":27,"column":13}}},"fnMap":{"0":{"name":"(anonymous_0)","decl":{"start":{"line":4,"column":4},"end":{"line":4,"column":17}},"loc":{"start":{"line":4,"column":38},"end":{"line":6,"column":5}}},"1":{"name":"(anonymous_1)","decl":{"start":{"line":8,"column":4},"end":{"line":8,"column":14}},"loc":{"start":{"line":8,"column":14},"end":{"line":10,"column":5}}},"2":{"name":"(anonymous_2)","decl":{"start":{"line":12,"column":4},"end":{"line":12,"column":14}},"loc":{"start":{"line":12,"column":31},"end":{"line":14,"column":5}}},"3":{"name":"(anonymous_3)","decl":{"start":{"line":16,"column":4},"end":{"line":16,"column":18}},"loc":{"start":{"line":16,"column":18},"end":{"line":19,"column":5}}},"4":{"name":"(anonymous_4)","decl":{"start":{"line":24,"column":4},"end":{"line":24,"column":23}},"loc":{"start":{"line":24,"column":50},"end":{"line":24,"column":54}}},"5":{"name":"(anonymous_5)","decl":{"start":{"line":28,"column":11},"end":{"line":28,"column":17}},"loc":{"start":{"line":28,"column":44},"end":{"line":30,"column":5}}},"6":{"name":"(anonymous_6)","decl":{"start":{"line":32,"column":11},"end":{"line":32,"column":17}},"loc":{"start":{"line":32,"column":36},"end":{"line":34,"column":5}}}},"branchMap":{},"s":{"0":4,"1":4,"2":2,"3":2,"4":1,"5":1,"6":1,"7":4,"8":4,"9":1,"10":1,"11":1,"12":1},"f":{"0":4,"1":2,"2":2,"3":1,"4":4,"5":1,"6":1},"b":{}}
,"/home/arashi/workspace/JestTest/src/shoppingBasket.ts": {"path":"/home/arashi/workspace/JestTest/src/shoppingBasket.ts","statementMap":{"0":{"start":{"line":4,"column":6},"end":{"line":4,"column":41}},"1":{"start":{"line":8,"column":6},"end":{"line":8,"column":41}},"2":{"start":{"line":12,"column":6},"end":{"line":12,"column":41}},"3":{"start":{"line":2,"column":0},"end":{"line":2,"column":13}},"4":{"start":{"line":18,"column":6},"end":{"line":18,"column":41}},"5":{"start":{"line":16,"column":2},"end":{"line":16,"column":15}}},"fnMap":{"0":{"name":"(anonymous_0)","decl":{"start":{"line":3,"column":4},"end":{"line":3,"column":7}},"loc":{"start":{"line":3,"column":42},"end":{"line":5,"column":5}}},"1":{"name":"(anonymous_1)","decl":{"start":{"line":7,"column":4},"end":{"line":7,"column":16}},"loc":{"start":{"line":7,"column":33},"end":{"line":9,"column":5}}},"2":{"name":"(anonymous_2)","decl":{"start":{"line":11,"column":4},"end":{"line":11,"column":19}},"loc":{"start":{"line":11,"column":19},"end":{"line":13,"column":5}}},"3":{"name":"(anonymous_3)","decl":{"start":{"line":17,"column":4},"end":{"line":17,"column":16}},"loc":{"start":{"line":17,"column":43},"end":{"line":19,"column":5}}}},"branchMap":{},"s":{"0":0,"1":0,"2":0,"3":1,"4":1,"5":1},"f":{"0":0,"1":0,"2":0,"3":1},"b":{}}
}
