TN:
SF:src/add.ts
FN:1,add
FNF:1
FNH:1
FNDA:1,add
DA:1,1
DA:2,1
LF:2
LH:2
BRF:0
BRH:0
end_of_record
TN:
SF:src/character.ts
FN:1,(anonymous_0)
FN:6,(anonymous_1)
FN:10,(anonymous_2)
FN:15,(anonymous_3)
FN:20,(anonymous_4)
FNF:5
FNH:5
FNDA:3,(anonymous_0)
FNDA:1,(anonymous_1)
FNDA:1,(anonymous_2)
FNDA:2,(anonymous_3)
FNDA:1,(anonymous_4)
DA:1,1
DA:3,3
DA:4,3
DA:7,1
DA:11,1
DA:12,1
DA:16,2
DA:21,1
LF:8
LH:8
BRF:0
BRH:0
end_of_record
TN:
SF:src/fizzBuzz.ts
FN:23,fizzBuzz
FN:35,getFizzBuzzNumberCounter
FNF:2
FNH:2
FNDA:39,fizzBuzz
FNDA:2,getFizzBuzzNumberCounter
DA:23,1
DA:24,39
DA:25,3
DA:26,36
DA:27,10
DA:28,26
DA:29,6
DA:31,20
DA:35,1
DA:36,2
DA:37,2
DA:38,35
DA:40,2
LF:13
LH:13
BRDA:24,0,0,3
BRDA:24,0,1,36
BRDA:24,1,0,39
BRDA:24,1,1,13
BRDA:26,2,0,10
BRDA:26,2,1,26
BRDA:28,3,0,6
BRDA:28,3,1,20
BRF:8
BRH:8
end_of_record
TN:
SF:src/index.ts
FN:4,(anonymous_0)
FN:8,(anonymous_1)
FN:12,(anonymous_2)
FN:16,(anonymous_3)
FN:24,(anonymous_4)
FN:28,(anonymous_5)
FN:32,(anonymous_6)
FNF:7
FNH:7
FNDA:4,(anonymous_0)
FNDA:2,(anonymous_1)
FNDA:2,(anonymous_2)
FNDA:1,(anonymous_3)
FNDA:4,(anonymous_4)
FNDA:1,(anonymous_5)
FNDA:1,(anonymous_6)
DA:1,1
DA:2,4
DA:5,4
DA:9,2
DA:13,2
DA:17,1
DA:18,1
DA:23,1
DA:24,4
DA:27,1
DA:29,1
DA:33,1
LF:12
LH:12
BRF:0
BRH:0
end_of_record
TN:
SF:src/shoppingBasket.ts
FN:3,(anonymous_0)
FN:7,(anonymous_1)
FN:11,(anonymous_2)
FN:17,(anonymous_3)
FNF:4
FNH:1
FNDA:0,(anonymous_0)
FNDA:0,(anonymous_1)
FNDA:0,(anonymous_2)
FNDA:1,(anonymous_3)
DA:2,1
DA:4,0
DA:8,0
DA:12,0
DA:16,1
DA:18,1
LF:6
LH:3
BRF:0
BRH:0
end_of_record
